<testsuite failures="0" name="src/test/resources/weather.feature" skipped="0" tests="1" time="0.694814">
  <testcase classname="src.test.resources.weather" name="Testing valid GET endpoint - HTTPS/GET = 200" time="0.694814">
    <system-out>* def jsonUrl = 'https://api.weatherapi.com/v1/forecast.json?key=dbf93f275c9c429ca1300929200205&amp;q=Sydney&amp;days=2' . passed
* def xmlUrl = 'http://api.weatherapi.com/v1/forecast.xml?key=dbf93f275c9c429ca1300929200205&amp;q=Sydney&amp;days=2' . passed
Given url jsonUrl ......................................................... passed
When method GET ........................................................... passed
Then status 200 ........................................................... passed
And match responseType == 'json' .......................................... passed
* def jsonResponse = response ............................................. passed
* print '====JSON response====' + karate.pretty(jsonResponse.location) .... passed
Given url xmlUrl .......................................................... passed
When method GET ........................................................... passed
Then status 200 ........................................................... passed
And match responseType == 'xml' ........................................... passed
* def xmlResponse = response .............................................. passed
* print '====Xml response====' + response ................................. passed</system-out>
  </testcase>
</testsuite>
